cc -O3   -c -o MC_cap.o MC_cap.c
cc -O3   -c -o NSinterp.o NSinterp.c
cc -O3   -c -o cap_funcs.o cap_funcs.c
cc -O3  -o run_MC MC_cap.o NSinterp.o cap_funcs.o  -lgsl -lgslcblas -lm
rm *.o
File eos_24_lowmass.dat opened successfully.
vegas warm-up ==================
result           =  4.76860893e+39
sigma            =  2.76447755e+39
percent error =  57.972
vegas warm-up ==================
result           =  4.77289484e+39
sigma            =  2.76642757e+39
percent error =  57.961
vegas warm-up ==================
result           =  4.78517830e+39
sigma            =  2.77201271e+39
percent error =  57.929
vegas warm-up ==================
result           =  4.80552333e+39
sigma            =  2.78125102e+39
percent error =  57.876
vegas warm-up ==================
result           =  4.83403676e+39
sigma            =  2.79417269e+39
percent error =  57.802
vegas warm-up ==================
result           =  4.87086902e+39
sigma            =  2.81081999e+39
percent error =  57.707
vegas warm-up ==================
result           =  4.91621569e+39
sigma            =  2.83124751e+39
percent error =  57.590
vegas warm-up ==================
result           =  4.97031961e+39
sigma            =  2.85552242e+39
percent error =  57.451
vegas warm-up ==================
result           =  5.03347317e+39
sigma            =  2.88372472e+39
percent error =  57.291
vegas warm-up ==================
result           =  5.10600454e+39
sigma            =  2.91594786e+39
percent error =  57.108
vegas warm-up ==================
result           =  5.18832007e+39
sigma            =  2.95229889e+39
percent error =  56.903
vegas warm-up ==================
result           =  6.88223396e+39
sigma            =  3.56696976e+39
percent error =  51.829
vegas warm-up ==================
result           =  7.03961968e+39
sigma            =  3.61923194e+39
percent error =  51.412
vegas warm-up ==================
result           =  7.21497120e+39
sigma            =  3.67673065e+39
percent error =  50.960
vegas warm-up ==================
result           =  7.40933444e+39
sigma            =  3.73965421e+39
percent error =  50.472
vegas warm-up ==================
result           =  7.62365095e+39
sigma            =  3.80820813e+39
percent error =  49.953
vegas warm-up ==================
result           =  6.32205053e+39
sigma            =  3.41065018e+39
percent error =  53.948
vegas warm-up ==================
result           =  6.49601330e+39
sigma            =  3.48001231e+39
percent error =  53.572
vegas warm-up ==================
result           =  6.68611332e+39
sigma            =  3.55483478e+39
percent error =  53.167
vegas warm-up ==================
result           =  6.89357043e+39
sigma            =  3.63536313e+39
percent error =  52.736
vegas warm-up ==================
result           =  7.11975366e+39
sigma            =  3.72186376e+39
percent error =  52.275
vegas warm-up ==================
result           =  7.21582389e+39
sigma            =  3.75386201e+39
percent error =  52.023
vegas warm-up ==================
result           =  7.48021702e+39
sigma            =  3.85236048e+39
percent error =  51.501
vegas warm-up ==================
result           =  7.76826668e+39
sigma            =  3.95775951e+39
percent error =  50.948
vegas warm-up ==================
result           =  8.08212965e+39
sigma            =  4.07042935e+39
percent error =  50.363
vegas warm-up ==================
result           =  8.41021258e+39
sigma            =  4.18576647e+39
percent error =  49.770
vegas warm-up ==================
result           =  5.28890889e+16
sigma            =  5.28890889e+16
percent error =  100.000
vegas warm-up ==================
result           =  8.59344591e+16
sigma            =  8.59344591e+16
percent error =  100.000
vegas warm-up ==================
result           =  1.42198566e+17
sigma            =  1.42198566e+17
percent error =  100.000
vegas warm-up ==================
result           =  2.35880964e+17
sigma            =  2.35880964e+17
percent error =  100.000
vegas warm-up ==================
result           =  1.14005766e+40
sigma            =  3.90641740e+39
percent error =  34.265
vegas warm-up ==================
result           =  1.21934740e+40
sigma            =  4.04236682e+39
percent error =  33.152
vegas warm-up ==================
result           =  1.29156818e+40
sigma            =  4.19249678e+39
percent error =  32.461
vegas warm-up ==================
result           =  1.29857382e+40
sigma            =  4.36181349e+39
percent error =  33.589
vegas warm-up ==================
result           =  1.67853688e+40
sigma            =  6.33452157e+39
percent error =  37.738
vegas warm-up ==================
result           =  1.51351921e+40
sigma            =  6.85646413e+39
percent error =  45.301
vegas warm-up ==================
result           =  1.60755767e+40
sigma            =  7.10192124e+39
percent error =  44.178
vegas warm-up ==================
result           =  1.71391942e+40
sigma            =  7.35788646e+39
percent error =  42.930
vegas warm-up ==================
result           =  2.17890593e+40
sigma            =  7.57414255e+39
percent error =  34.761
vegas warm-up ==================
result           =  1.87228055e+40
sigma            =  7.77297462e+39
percent error =  41.516
vegas warm-up ==================
result           =  2.89286840e+40
sigma            =  7.97874897e+39
percent error =  27.581
vegas warm-up ==================
result           =  2.06623399e+40
sigma            =  8.43070817e+39
percent error =  40.802
vegas warm-up ==================
result           =  2.24967828e+40
sigma            =  8.78401234e+39
percent error =  39.046
vegas warm-up ==================
result           =  2.49892509e+40
sigma            =  9.15219340e+39
percent error =  36.625
vegas warm-up ==================
result           =  2.71496399e+40
sigma            =  9.54812673e+39
percent error =  35.169
vegas warm-up ==================
result           =  2.92023176e+40
sigma            =  9.95945803e+39
percent error =  34.105
vegas warm-up ==================
result           =  3.30712823e+40
sigma            =  1.04649768e+40
percent error =  31.644
vegas warm-up ==================
result           =  3.61245761e+40
sigma            =  1.09275514e+40
percent error =  30.250
vegas warm-up ==================
result           =  3.70547885e+40
sigma            =  1.14616182e+40
percent error =  30.932
vegas warm-up ==================
result           =  4.33601463e+40
sigma            =  1.22614703e+40
percent error =  28.278
vegas warm-up ==================
result           =  4.81056901e+40
sigma            =  1.28844008e+40
percent error =  26.784
vegas warm-up ==================
result           =  5.32383719e+40
sigma            =  1.30300621e+40
percent error =  24.475
vegas warm-up ==================
result           =  5.86955811e+40
sigma            =  1.36236724e+40
percent error =  23.211
vegas warm-up ==================
result           =  6.67903414e+40
sigma            =  1.48311548e+40
percent error =  22.206
vegas warm-up ==================
result           =  7.64660161e+40
sigma            =  1.55473644e+40
percent error =  20.332
vegas warm-up ==================
result           =  8.51709707e+40
sigma            =  1.62924157e+40
percent error =  19.129
vegas warm-up ==================
result           =  9.99609534e+40
sigma            =  1.75310886e+40
percent error =  17.538
vegas warm-up ==================
result           =  1.10325408e+41
sigma            =  1.82326532e+40
percent error =  16.526
vegas warm-up ==================
result           =  1.19799554e+41
sigma            =  1.88367477e+40
percent error =  15.724
vegas warm-up ==================
result           =  1.29152262e+41
sigma            =  1.95251359e+40
percent error =  15.118
vegas warm-up ==================
result           =  7.92599182e+25
sigma            =  7.92596471e+25
percent error =  100.000
vegas warm-up ==================
result           =  7.85072637e+26
sigma            =  7.85065490e+26
percent error =  99.999
vegas warm-up ==================
result           =  2.71539271e+27
sigma            =  2.71534298e+27
percent error =  99.998
vegas warm-up ==================
result           =  7.35893117e+27
sigma            =  7.35868454e+27
percent error =  99.997
vegas warm-up ==================
result           =  2.90148052e+28
sigma            =  2.90123708e+28
percent error =  99.992
vegas warm-up ==================
result           =  7.95818482e+28
sigma            =  7.95638919e+28
percent error =  99.977
vegas warm-up ==================
result           =  2.60398528e+29
sigma            =  2.60262816e+29
percent error =  99.948
vegas warm-up ==================
result           =  4.38905634e+29
sigma            =  4.38765227e+29
percent error =  99.968
vegas warm-up ==================
result           =  1.26445265e+30
sigma            =  1.26171232e+30
percent error =  99.783
vegas warm-up ==================
result           =  3.39968470e+30
sigma            =  3.38680179e+30
percent error =  99.621
vegas warm-up ==================
result           =  1.01014233e+31
sigma            =  1.00385690e+31
percent error =  99.378
vegas warm-up ==================
result           =  1.12124529e+31
sigma            =  1.11592811e+31
percent error =  99.526
vegas warm-up ==================
result           =  3.38193518e+41
sigma            =  3.80859526e+38
percent error =  0.113
vegas warm-up ==================
result           =  3.33963505e+41
sigma            =  3.57603282e+38
percent error =  0.107
vegas warm-up ==================
result           =  3.28984306e+41
sigma            =  3.55934222e+38
percent error =  0.108
vegas warm-up ==================
result           =  3.24380255e+41
sigma            =  3.45451662e+38
percent error =  0.106
vegas warm-up ==================
result           =  3.19795133e+41
sigma            =  3.41638698e+38
percent error =  0.107
vegas warm-up ==================
result           =  3.14957802e+41
sigma            =  3.16577337e+38
percent error =  0.101
vegas warm-up ==================
result           =  3.10455508e+41
sigma            =  3.16892716e+38
percent error =  0.102
vegas warm-up ==================
result           =  3.05680361e+41
sigma            =  3.07866399e+38
percent error =  0.101
vegas warm-up ==================
result           =  3.00691472e+41
sigma            =  3.09041464e+38
percent error =  0.103
vegas warm-up ==================
result           =  2.96358757e+41
sigma            =  3.09317001e+38
percent error =  0.104
vegas warm-up ==================
result           =  2.91840471e+41
sigma            =  3.01967043e+38
percent error =  0.103
vegas warm-up ==================
result           =  2.87259553e+41
sigma            =  2.92600201e+38
percent error =  0.102
vegas warm-up ==================
result           =  2.82981647e+41
sigma            =  3.00232375e+38
percent error =  0.106
vegas warm-up ==================
result           =  2.78599047e+41
sigma            =  2.95351321e+38
percent error =  0.106
vegas warm-up ==================
result           =  2.73809446e+41
sigma            =  2.85444716e+38
percent error =  0.104
vegas warm-up ==================
result           =  2.69343306e+41
sigma            =  2.79682380e+38
percent error =  0.104
vegas warm-up ==================
result           =  2.65213840e+41
sigma            =  2.73105017e+38
percent error =  0.103
vegas warm-up ==================
result           =  2.61083775e+41
sigma            =  2.78989703e+38
percent error =  0.107
vegas warm-up ==================
result           =  2.56796958e+41
sigma            =  2.72196917e+38
percent error =  0.106
vegas warm-up ==================
result           =  2.52644364e+41
sigma            =  2.74387427e+38
percent error =  0.109
vegas warm-up ==================
result           =  2.48279996e+41
sigma            =  2.64199398e+38
percent error =  0.106
vegas warm-up ==================
result           =  2.44215582e+41
sigma            =  2.59416562e+38
percent error =  0.106
vegas warm-up ==================
result           =  2.39983928e+41
sigma            =  2.50354700e+38
percent error =  0.104
vegas warm-up ==================
result           =  2.36379852e+41
sigma            =  2.48353953e+38
percent error =  0.105
vegas warm-up ==================
result           =  2.32239702e+41
sigma            =  2.48104980e+38
percent error =  0.107
vegas warm-up ==================
result           =  2.28491850e+41
sigma            =  2.38235595e+38
percent error =  0.104
vegas warm-up ==================
result           =  2.24858697e+41
sigma            =  2.33786237e+38
percent error =  0.104
vegas warm-up ==================
result           =  2.19445399e+41
sigma            =  2.00889333e+38
percent error =  0.092

Time taken is: 3.757000 min
